<?xml version="1.0" encoding="UTF-8"?>
<!-- Generated by org.testng.reporters.JUnitReportReporter -->
<testsuite skipped="0" hostname="Diya" name="com.nopcommerce.demo.testsuite.HomePageTest" tests="3" failures="0" timestamp="2022-12-12T22:44:15 GMT" time="13.714" errors="0">
  <testcase name="verifyUserShouldNavigateToComputer" time="4.897" classname="com.nopcommerce.demo.testsuite.HomePageTest"/>
  <system-out>
    <![CDATA[getVerifyComputer[[ChromeDriver: chrome on WINDOWS (0539c37f6274019847d9f5ba997bb030)] -> xpath: //a[@href='/computers']]
Click to see screenshot
<a target = "_blank" href=C:\Users\viren\IdeaProjects\demo.nopcommerce-wk-15-virenpatel/test-output/html/verifyUserShouldNavigateToComputerMon_Dec_12_22_44_07_GMT_2022.jpg>Screenshot</a>
<br>
Click to see screenshot
<a target = "_blank" href=C:\Users\viren\IdeaProjects\demo.nopcommerce-wk-15-virenpatel/test-output/html/verifyUserShouldNavigateToComputerMon_Dec_12_22_44_07_GMT_2022.jpg>Screenshot</a>
<br>]]>
  </system-out>
  <testcase name="verifyUserShouldNavigateToApparel" time="3.954" classname="com.nopcommerce.demo.testsuite.HomePageTest"/>
  <system-out>
    <![CDATA[getVerifyElectronics[[ChromeDriver: chrome on WINDOWS (61931ae25813b126bc0b1e86e15b43e7)] -> xpath: //a[@href='/electronics']]
Click to see screenshot
<a target = "_blank" href=C:\Users\viren\IdeaProjects\demo.nopcommerce-wk-15-virenpatel/test-output/html/verifyUserShouldNavigateToApparelMon_Dec_12_22_44_02_GMT_2022.jpg>Screenshot</a>
<br>
Click to see screenshot
<a target = "_blank" href=C:\Users\viren\IdeaProjects\demo.nopcommerce-wk-15-virenpatel/test-output/html/verifyUserShouldNavigateToApparelMon_Dec_12_22_44_02_GMT_2022.jpg>Screenshot</a>
<br>]]>
  </system-out>
  <testcase name="verifyUserShouldNavigateToElectronics" time="4.863" classname="com.nopcommerce.demo.testsuite.HomePageTest"/>
  <system-out>
    <![CDATA[getVerifyElectronics[[ChromeDriver: chrome on WINDOWS (5d9d21eaba3ef36b4b43de42c7ecd0e6)] -> xpath: //a[@href='/electronics']]
Click to see screenshot
<a target = "_blank" href=C:\Users\viren\IdeaProjects\demo.nopcommerce-wk-15-virenpatel/test-output/html/verifyUserShouldNavigateToElectronicsMon_Dec_12_22_44_12_GMT_2022.jpg>Screenshot</a>
<br>
Click to see screenshot
<a target = "_blank" href=C:\Users\viren\IdeaProjects\demo.nopcommerce-wk-15-virenpatel/test-output/html/verifyUserShouldNavigateToElectronicsMon_Dec_12_22_44_13_GMT_2022.jpg>Screenshot</a>
<br>]]>
  </system-out>
</testsuite> <!-- com.nopcommerce.demo.testsuite.HomePageTest -->
