<?xml version="1.0" encoding="UTF-8"?>
<!-- Generated by org.testng.reporters.JUnitReportReporter -->
<testsuite skipped="0" hostname="Diya" name="com.nopcommerce.demo.testsuite.ElectronicTest" tests="2" failures="0" timestamp="2022-12-12T22:44:15 GMT" time="44.972" errors="0">
  <testcase name="verifyUserShouldNavigateToCellPhonesPageSuccessfully" time="4.381" classname="com.nopcommerce.demo.testsuite.ElectronicTest"/>
  <system-out>
    <![CDATA[mouseHoverOnElectronics[[ChromeDriver: chrome on WINDOWS (48de11ab64f5bf6ae90c5a6a1ffe20ff)] -> xpath: //body/div[6]/div[2]/ul[1]/li[2]/a[1]]
mouseHoverOnCellPhonesAndClick[[ChromeDriver: chrome on WINDOWS (48de11ab64f5bf6ae90c5a6a1ffe20ff)] -> xpath: //body/div[6]/div[2]/ul[1]/li[2]/ul[1]/li[2]/a[1]]
verifyTextCellPhones[[ChromeDriver: chrome on WINDOWS (48de11ab64f5bf6ae90c5a6a1ffe20ff)] -> xpath: //h1[contains(text(),'Cell phones')]]
Click to see screenshot
<a target = "_blank" href=C:\Users\viren\IdeaProjects\demo.nopcommerce-wk-15-virenpatel/test-output/html/verifyUserShouldNavigateToCellPhonesPageSuccessfullyMon_Dec_12_22_43_57_GMT_2022.jpg>Screenshot</a>
<br>
Click to see screenshot
<a target = "_blank" href=C:\Users\viren\IdeaProjects\demo.nopcommerce-wk-15-virenpatel/test-output/html/verifyUserShouldNavigateToCellPhonesPageSuccessfullyMon_Dec_12_22_43_57_GMT_2022.jpg>Screenshot</a>
<br>]]>
  </system-out>
  <testcase name="verifyThatTheProductAddedSuccessfullyAndPlaceOrderSuccessfully" time="40.591" classname="com.nopcommerce.demo.testsuite.ElectronicTest"/>
  <system-out>
    <![CDATA[mouseHoverOnElectronics[[ChromeDriver: chrome on WINDOWS (8aa2b1b899d125e74f946aa16faec0c1)] -> xpath: //body/div[6]/div[2]/ul[1]/li[2]/a[1]]
mouseHoverOnCellPhonesAndClick[[ChromeDriver: chrome on WINDOWS (8aa2b1b899d125e74f946aa16faec0c1)] -> xpath: //body/div[6]/div[2]/ul[1]/li[2]/ul[1]/li[2]/a[1]]
verifyTextCellPhones[[ChromeDriver: chrome on WINDOWS (8aa2b1b899d125e74f946aa16faec0c1)] -> xpath: //h1[contains(text(),'Cell phones')]]
clickOnListViewTab[[ChromeDriver: chrome on WINDOWS (8aa2b1b899d125e74f946aa16faec0c1)] -> xpath: //a[contains(text(),'List')]]
clickOnProductNameNokia[[ChromeDriver: chrome on WINDOWS (8aa2b1b899d125e74f946aa16faec0c1)] -> xpath: //img[@alt ='Picture of Nokia Lumia 1020']]
verifyTextNokiaLumia[[ChromeDriver: chrome on WINDOWS (8aa2b1b899d125e74f946aa16faec0c1)] -> xpath: //h1[contains(text(),'Nokia Lumia 1020')]]
verifyNokiaPrice[[ChromeDriver: chrome on WINDOWS (8aa2b1b899d125e74f946aa16faec0c1)] -> xpath: //span[@id='price-value-20']]
changeQuantityTo22[[ChromeDriver: chrome on WINDOWS (8aa2b1b899d125e74f946aa16faec0c1)] -> id: product_enteredQuantity_20]
clickOnAddToCart[[ChromeDriver: chrome on WINDOWS (8aa2b1b899d125e74f946aa16faec0c1)] -> xpath: //button[@id='add-to-cart-button-20']]
clickOnGreenBar[[ChromeDriver: chrome on WINDOWS (8aa2b1b899d125e74f946aa16faec0c1)] -> xpath: //body/div[@id='bar-notification']/div[1]/span[1]]
mouseHoverOnShoppingCart[[ChromeDriver: chrome on WINDOWS (8aa2b1b899d125e74f946aa16faec0c1)] -> xpath: //span[contains(text(),'Shopping cart')]]
hoverAndClickOnGoToCart[[ChromeDriver: chrome on WINDOWS (8aa2b1b899d125e74f946aa16faec0c1)] -> xpath: //button[contains(text(),'Go to cart')]]
verifyMessageShoppingCart[[ChromeDriver: chrome on WINDOWS (8aa2b1b899d125e74f946aa16faec0c1)] -> xpath: //h1[contains(text(),'Shopping cart')]]
verifyQuantity[[ChromeDriver: chrome on WINDOWS (8aa2b1b899d125e74f946aa16faec0c1)] -> xpath: //span[contains(text(),'(2)')]]
verifyTotal[[ChromeDriver: chrome on WINDOWS (8aa2b1b899d125e74f946aa16faec0c1)] -> xpath: //tbody/tr[1]/td[6]]
clickOnCheckbox[[ChromeDriver: chrome on WINDOWS (8aa2b1b899d125e74f946aa16faec0c1)] -> xpath: //input[@id='termsofservice']]
clickOnCheckout[[ChromeDriver: chrome on WINDOWS (8aa2b1b899d125e74f946aa16faec0c1)] -> xpath: //button[@id='checkout']]
verifyTextWelcomePlease[[ChromeDriver: chrome on WINDOWS (8aa2b1b899d125e74f946aa16faec0c1)] -> xpath: //h1[contains(text(),'Welcome, Please Sign In!')]]
clickOnRegister[[ChromeDriver: chrome on WINDOWS (8aa2b1b899d125e74f946aa16faec0c1)] -> xpath: //button[contains(text(),'Register')]]
verifyTextRegister[[ChromeDriver: chrome on WINDOWS (8aa2b1b899d125e74f946aa16faec0c1)] -> xpath: //h1[contains(text(),'Register')]]
sendTextToFirstNameFieldManan[[ChromeDriver: chrome on WINDOWS (8aa2b1b899d125e74f946aa16faec0c1)] -> id: FirstName]
sendTextToLastNameFieldShah[[ChromeDriver: chrome on WINDOWS (8aa2b1b899d125e74f946aa16faec0c1)] -> id: LastName]
sendTextToEmailField1226test@gmail.com[[ChromeDriver: chrome on WINDOWS (8aa2b1b899d125e74f946aa16faec0c1)] -> id: Email]
sendTextToPasswordField[[ChromeDriver: chrome on WINDOWS (8aa2b1b899d125e74f946aa16faec0c1)] -> xpath: //input[@id='Password']]
sendTextToConfirmPasswordField[[ChromeDriver: chrome on WINDOWS (8aa2b1b899d125e74f946aa16faec0c1)] -> xpath: //input[@id='ConfirmPassword']]
clickOnRegister1[[ChromeDriver: chrome on WINDOWS (8aa2b1b899d125e74f946aa16faec0c1)] -> id: register-button]
clickOnContinue[[ChromeDriver: chrome on WINDOWS (8aa2b1b899d125e74f946aa16faec0c1)] -> xpath: //a[contains(text(),'Continue')]]
verifyTextShoppingCart[[ChromeDriver: chrome on WINDOWS (8aa2b1b899d125e74f946aa16faec0c1)] -> xpath: //h1[contains(text(),'Shopping cart')]]
clickOnCheckbox1[[ChromeDriver: chrome on WINDOWS (8aa2b1b899d125e74f946aa16faec0c1)] -> xpath: //input[@id='termsofservice']]
clickOnCheckout1[[ChromeDriver: chrome on WINDOWS (8aa2b1b899d125e74f946aa16faec0c1)] -> xpath: //button[@id='checkout']]
countryByVisibleTextUnited Kingdom[[ChromeDriver: chrome on WINDOWS (8aa2b1b899d125e74f946aa16faec0c1)] -> xpath: //select[@id='BillingNewAddress_CountryId']]
sendTextToCityLondon[[ChromeDriver: chrome on WINDOWS (8aa2b1b899d125e74f946aa16faec0c1)] -> id: BillingNewAddress_City]
sendTextToAddressLuton[[ChromeDriver: chrome on WINDOWS (8aa2b1b899d125e74f946aa16faec0c1)] -> id: BillingNewAddress_Address1]
sendTextToPostelCodeHA8 9HU[[ChromeDriver: chrome on WINDOWS (8aa2b1b899d125e74f946aa16faec0c1)] -> id: BillingNewAddress_ZipPostalCode]
sendTextToPhoneNumber02088765454[[ChromeDriver: chrome on WINDOWS (8aa2b1b899d125e74f946aa16faec0c1)] -> id: BillingNewAddress_PhoneNumber]
clickOnContinue1[[ChromeDriver: chrome on WINDOWS (8aa2b1b899d125e74f946aa16faec0c1)] -> xpath: //body/div[6]/div[3]/div[1]/div[1]/div[1]/div[2]/ol[1]/li[1]/div[2]/div[1]/button[4]]
clickOn2ndDayAir[[ChromeDriver: chrome on WINDOWS (8aa2b1b899d125e74f946aa16faec0c1)] -> id: shippingoption_2]
clickOnContinue2[[ChromeDriver: chrome on WINDOWS (8aa2b1b899d125e74f946aa16faec0c1)] -> xpath: //body/div[6]/div[3]/div[1]/div[1]/div[1]/div[2]/ol[1]/li[3]/div[2]/form[1]/div[2]/button[1]]
clickOnCreditCard[[ChromeDriver: chrome on WINDOWS (8aa2b1b899d125e74f946aa16faec0c1)] -> id: paymentmethod_1]
clickOnContinueTab[[ChromeDriver: chrome on WINDOWS (8aa2b1b899d125e74f946aa16faec0c1)] -> xpath: //div[@id='payment-method-buttons-container']//button[1]]
clickOnSelectCreditCard[[ChromeDriver: chrome on WINDOWS (8aa2b1b899d125e74f946aa16faec0c1)] -> xpath: //input[@value='Payments.Manual']]
sendTextToCardholderName[[ChromeDriver: chrome on WINDOWS (8aa2b1b899d125e74f946aa16faec0c1)] -> name: CardholderName]
sendTextToCardNumber[[ChromeDriver: chrome on WINDOWS (8aa2b1b899d125e74f946aa16faec0c1)] -> xpath: //input[@id='CardNumber']]
sendTextToExpirationMonth[[ChromeDriver: chrome on WINDOWS (8aa2b1b899d125e74f946aa16faec0c1)] -> xpath: //select[@id='ExpireMonth']]
sendTextToExpirationYear[[ChromeDriver: chrome on WINDOWS (8aa2b1b899d125e74f946aa16faec0c1)] -> xpath: //select[@id='ExpireYear']]
sendTextToCardCode[[ChromeDriver: chrome on WINDOWS (8aa2b1b899d125e74f946aa16faec0c1)] -> id: CardCode]
clickOnContinue3[[ChromeDriver: chrome on WINDOWS (8aa2b1b899d125e74f946aa16faec0c1)] -> xpath: //body/div[6]/div[3]/div[1]/div[1]/div[1]/div[2]/ol[1]/li[5]/div[2]/div[1]/button[1]]
verifyPaymentMethod[[ChromeDriver: chrome on WINDOWS (8aa2b1b899d125e74f946aa16faec0c1)] -> xpath: //span[contains(text(),'Credit Card')]]
verifyShoppingMethod[[ChromeDriver: chrome on WINDOWS (8aa2b1b899d125e74f946aa16faec0c1)] -> xpath: //span[text()[normalize-space()='2nd Day Air']]]
clickOnConfirm[[ChromeDriver: chrome on WINDOWS (8aa2b1b899d125e74f946aa16faec0c1)] -> xpath: //button[contains(text(),'Confirm')]]
verifyTextThankYou[[ChromeDriver: chrome on WINDOWS (8aa2b1b899d125e74f946aa16faec0c1)] -> xpath: //h1[contains(text(),'Thank you')]]
verifySuccessfully[[ChromeDriver: chrome on WINDOWS (8aa2b1b899d125e74f946aa16faec0c1)] -> xpath: //strong[contains(text(),'Your order has been successfully processed!')]]
clickOnContinue4[[ChromeDriver: chrome on WINDOWS (8aa2b1b899d125e74f946aa16faec0c1)] -> xpath: //button[@class='button-1 order-completed-continue-button']]
verifyWelcomeToOurStore[[ChromeDriver: chrome on WINDOWS (8aa2b1b899d125e74f946aa16faec0c1)] -> xpath: //h2[contains(text(),'Welcome to our store')]]
clickOnLogout[[ChromeDriver: chrome on WINDOWS (8aa2b1b899d125e74f946aa16faec0c1)] -> xpath: //a[contains(text(),'Log out')]]
Click to see screenshot
<a target = "_blank" href=C:\Users\viren\IdeaProjects\demo.nopcommerce-wk-15-virenpatel/test-output/html/verifyThatTheProductAddedSuccessfullyAndPlaceOrderSuccessfullyMon_Dec_12_22_43_52_GMT_2022.jpg>Screenshot</a>
<br>
Click to see screenshot
<a target = "_blank" href=C:\Users\viren\IdeaProjects\demo.nopcommerce-wk-15-virenpatel/test-output/html/verifyThatTheProductAddedSuccessfullyAndPlaceOrderSuccessfullyMon_Dec_12_22_43_52_GMT_2022.jpg>Screenshot</a>
<br>]]>
  </system-out>
</testsuite> <!-- com.nopcommerce.demo.testsuite.ElectronicTest -->
