<?xml version="1.0" encoding="UTF-8"?>
<!-- Generated by org.testng.reporters.JUnitReportReporter -->
<testsuite skipped="0" hostname="Diya" name="com.nopcommerce.demo.testsuite.ComputerTest1" tests="1" failures="0" timestamp="2022-12-12T22:44:15 GMT" time="20.259" errors="0">
  <testcase name="verifyProductAddedToShoppingCartSuccessFully" time="20.259" classname="com.nopcommerce.demo.testsuite.ComputerTest1"/>
  <system-out>
    <![CDATA[clickOnComputer[[ChromeDriver: chrome on WINDOWS (12380d37d9be6d15c4e89af0bb10836a)] -> xpath: //a[@href='/computers']]
clickOnDesktop[[ChromeDriver: chrome on WINDOWS (12380d37d9be6d15c4e89af0bb10836a)] -> xpath: //h2[@class='title']//a]
getSelectByValue[[ChromeDriver: chrome on WINDOWS (12380d37d9be6d15c4e89af0bb10836a)] -> xpath: //select[@name='products-orderby']]
getVerifyBuildYourOwn[[ChromeDriver: chrome on WINDOWS (12380d37d9be6d15c4e89af0bb10836a)] -> xpath: //h1[contains(text(),'Build your own computer')]]
selectProcessorByValue[[ChromeDriver: chrome on WINDOWS (12380d37d9be6d15c4e89af0bb10836a)] -> xpath: //select[@id='product_attribute_1']]
selectRamByValue[[ChromeDriver: chrome on WINDOWS (12380d37d9be6d15c4e89af0bb10836a)] -> xpath: //select[@id='product_attribute_2']]
clickOnHDD400GB[[ChromeDriver: chrome on WINDOWS (12380d37d9be6d15c4e89af0bb10836a)] -> xpath: //label[text()='400 GB [+$100.00]']]
clickOnOsVistaPremium[[ChromeDriver: chrome on WINDOWS (12380d37d9be6d15c4e89af0bb10836a)] -> xpath: //label[text()='Vista Premium [+$60.00]']]
clickOnSoftwareTotalCommander[[ChromeDriver: chrome on WINDOWS (12380d37d9be6d15c4e89af0bb10836a)] -> xpath: //input[@id='product_attribute_5_12']]
clickOnAddToCartButton[[ChromeDriver: chrome on WINDOWS (12380d37d9be6d15c4e89af0bb10836a)] -> xpath: //button[@id='add-to-cart-button-1']]
verifyCaryMessage[[ChromeDriver: chrome on WINDOWS (12380d37d9be6d15c4e89af0bb10836a)] -> xpath: //body/div[@id='bar-notification']/div[1]/p[1]]
closeMessageBar[[ChromeDriver: chrome on WINDOWS (12380d37d9be6d15c4e89af0bb10836a)] -> xpath: //body/div[@id='bar-notification']/div[1]/span[1]]
mouseHoverOnElementShoppingCart[[ChromeDriver: chrome on WINDOWS (12380d37d9be6d15c4e89af0bb10836a)] -> xpath: //span[contains(text(),'Shopping cart')]]
clickOnGoToCart[[ChromeDriver: chrome on WINDOWS (12380d37d9be6d15c4e89af0bb10836a)] -> xpath: //button[@class='button-1 cart-button']]
sendTextToQuantityField[[ChromeDriver: chrome on WINDOWS (12380d37d9be6d15c4e89af0bb10836a)] -> xpath: //input[@value='1']]
clickOnUpdateShoppingCartButton[[ChromeDriver: chrome on WINDOWS (12380d37d9be6d15c4e89af0bb10836a)] -> xpath: //button[@id='updatecart']]
clickOnCheckBoxIAgreeWithTermsAndCondition[[ChromeDriver: chrome on WINDOWS (12380d37d9be6d15c4e89af0bb10836a)] -> xpath: //input[@id='termsofservice']]
clickOnCheckOutButton[[ChromeDriver: chrome on WINDOWS (12380d37d9be6d15c4e89af0bb10836a)] -> xpath: //button[@id='checkout']]
clickOnCheckOutAsGuest[[ChromeDriver: chrome on WINDOWS (12380d37d9be6d15c4e89af0bb10836a)] -> xpath: //button[contains(text(),'Checkout as Guest')]]
sendTextToFirstNameFieldManan[[ChromeDriver: chrome on WINDOWS (12380d37d9be6d15c4e89af0bb10836a)] -> id: BillingNewAddress_FirstName]
sendTextToLastNameFieldShah[[ChromeDriver: chrome on WINDOWS (12380d37d9be6d15c4e89af0bb10836a)] -> id: BillingNewAddress_LastName]
sendTextToEmailFieldtest2219@gmail.com[[ChromeDriver: chrome on WINDOWS (12380d37d9be6d15c4e89af0bb10836a)] -> id: BillingNewAddress_Email]
sendTextToCompanyFieldPassword34[[ChromeDriver: chrome on WINDOWS (12380d37d9be6d15c4e89af0bb10836a)] -> id: BillingNewAddress_Company]
sendTextToCityFieldLondon[[ChromeDriver: chrome on WINDOWS (12380d37d9be6d15c4e89af0bb10836a)] -> xpath: //input[@id='BillingNewAddress_City']]
sendTextToAddressLine1Luton Road[[ChromeDriver: chrome on WINDOWS (12380d37d9be6d15c4e89af0bb10836a)] -> css selector: #BillingNewAddress_Address1]
sendTextToAddressLine2Luton[[ChromeDriver: chrome on WINDOWS (12380d37d9be6d15c4e89af0bb10836a)] -> css selector: #BillingNewAddress_Address2]
sendTextToPostcodeHA9 9AU[[ChromeDriver: chrome on WINDOWS (12380d37d9be6d15c4e89af0bb10836a)] -> xpath: //input[@id='BillingNewAddress_ZipPostalCode']]
sendTextToPhoneNumberField02034343876[[ChromeDriver: chrome on WINDOWS (12380d37d9be6d15c4e89af0bb10836a)] -> xpath: //input[@id='BillingNewAddress_PhoneNumber']]
clickOnContinueButton[[ChromeDriver: chrome on WINDOWS (12380d37d9be6d15c4e89af0bb10836a)] -> xpath: //body/div[6]/div[3]/div[1]/div[1]/div[1]/div[2]/ol[1]/li[1]/div[2]/div[1]/button[4]]
clickOnNextDayAirButton[[ChromeDriver: chrome on WINDOWS (12380d37d9be6d15c4e89af0bb10836a)] -> xpath: //input[@id='shippingoption_1']]
clickOnContinueButtonAgain[[ChromeDriver: chrome on WINDOWS (12380d37d9be6d15c4e89af0bb10836a)] -> xpath: //body/div[6]/div[3]/div[1]/div[1]/div[1]/div[2]/ol[1]/li[3]/div[2]/form[1]/div[2]/button[1]]
clickOnCreditCardButton[[ChromeDriver: chrome on WINDOWS (12380d37d9be6d15c4e89af0bb10836a)] -> xpath: //input[@id='paymentmethod_1']]
selectClickOnContinue1[[ChromeDriver: chrome on WINDOWS (12380d37d9be6d15c4e89af0bb10836a)] -> xpath: //button[@class='button-1 payment-method-next-step-button']]
selectMasterCardFromCreditCardDropdown[[ChromeDriver: chrome on WINDOWS (12380d37d9be6d15c4e89af0bb10836a)] -> xpath: //select[@id='CreditCardType']]
sendTextTOCardHolderName[[ChromeDriver: chrome on WINDOWS (12380d37d9be6d15c4e89af0bb10836a)] -> id: CardholderName]
sendTextTOCardNumber[[ChromeDriver: chrome on WINDOWS (12380d37d9be6d15c4e89af0bb10836a)] -> id: CardNumber]
sendTextToCardCode[[ChromeDriver: chrome on WINDOWS (12380d37d9be6d15c4e89af0bb10836a)] -> id: CardCode]
clickOnContinueButton2[[ChromeDriver: chrome on WINDOWS (12380d37d9be6d15c4e89af0bb10836a)] -> xpath: //button[@class='button-1 payment-info-next-step-button']]
getVerifyText2[[ChromeDriver: chrome on WINDOWS (12380d37d9be6d15c4e89af0bb10836a)] -> xpath: //li[@class='shipping-method']//span[2]]
clickOnConformButton[[ChromeDriver: chrome on WINDOWS (12380d37d9be6d15c4e89af0bb10836a)] -> xpath: //button[@class='button-1 confirm-order-next-step-button']]
getVerifyText4[[ChromeDriver: chrome on WINDOWS (12380d37d9be6d15c4e89af0bb10836a)] -> xpath: //div[@class='page-title']/h1]
getVerifyText5[[ChromeDriver: chrome on WINDOWS (12380d37d9be6d15c4e89af0bb10836a)] -> xpath: //strong[contains(text(),'Your order has been successfully processed!')]]
clickOnContinueButton3[[ChromeDriver: chrome on WINDOWS (12380d37d9be6d15c4e89af0bb10836a)] -> css selector: div.master-wrapper-page:nth-child(6) div.master-wrapper-content div.master-column-wrapper div.center-1 div.page.checkout-page.order-completed-page div.page-body.checkout-data div.section.order-completed div.buttons > button.button-1.order-completed-continue-button]
Click to see screenshot
<a target = "_blank" href=C:\Users\viren\IdeaProjects\demo.nopcommerce-wk-15-virenpatel/test-output/html/verifyProductAddedToShoppingCartSuccessFullyMon_Dec_12_22_43_10_GMT_2022.jpg>Screenshot</a>
<br>
Click to see screenshot
<a target = "_blank" href=C:\Users\viren\IdeaProjects\demo.nopcommerce-wk-15-virenpatel/test-output/html/verifyProductAddedToShoppingCartSuccessFullyMon_Dec_12_22_43_11_GMT_2022.jpg>Screenshot</a>
<br>]]>
  </system-out>
</testsuite> <!-- com.nopcommerce.demo.testsuite.ComputerTest1 -->
