<?xml version="1.0" encoding="UTF-8"?>
<!-- Generated by org.testng.reporters.JUnitReportReporter -->
<testsuite skipped="0" hostname="Diya" name="com.nopcommerce.demo.testsuite.ComputerTest" tests="1" failures="0" timestamp="2022-12-12T22:44:15 GMT" time="8.255" errors="0">
  <testcase name="verifyProductArrangeInAlphaBaticalOrder" time="8.255" classname="com.nopcommerce.demo.testsuite.ComputerTest"/>
  <system-out>
    <![CDATA[clickOnComputer[[ChromeDriver: chrome on WINDOWS (721835345db93aab9b340beb0a939030)] -> xpath: //a[@href='/computers']]
clickOnDesktop[[ChromeDriver: chrome on WINDOWS (721835345db93aab9b340beb0a939030)] -> xpath: //h2[@class='title']//a]
Click to see screenshot
<a target = "_blank" href=C:\Users\viren\IdeaProjects\demo.nopcommerce-wk-15-virenpatel/test-output/html/verifyProductArrangeInAlphaBaticalOrderMon_Dec_12_22_42_49_GMT_2022.jpg>Screenshot</a>
<br>
Click to see screenshot
<a target = "_blank" href=C:\Users\viren\IdeaProjects\demo.nopcommerce-wk-15-virenpatel/test-output/html/verifyProductArrangeInAlphaBaticalOrderMon_Dec_12_22_42_50_GMT_2022.jpg>Screenshot</a>
<br>]]>
  </system-out>
</testsuite> <!-- com.nopcommerce.demo.testsuite.ComputerTest -->
